[debug] [2021-01-10T07:29:37.027Z] ----------------------------------------------------------------------
[debug] [2021-01-10T07:29:37.029Z] Command:       /usr/local/bin/node /usr/local/bin/firebase emulators:start
[debug] [2021-01-10T07:29:37.029Z] CLI Version:   9.1.2
[debug] [2021-01-10T07:29:37.029Z] Platform:      darwin
[debug] [2021-01-10T07:29:37.029Z] Node Version:  v12.18.0
[debug] [2021-01-10T07:29:37.030Z] Time:          Sun Jan 10 2021 01:29:37 GMT-0600 (Central Standard Time)
[debug] [2021-01-10T07:29:37.030Z] ----------------------------------------------------------------------
[debug] [2021-01-10T07:29:37.030Z] 
[debug] [2021-01-10T07:29:37.037Z] > command requires scopes: ["email","openid","https://www.googleapis.com/auth/cloudplatformprojects.readonly","https://www.googleapis.com/auth/firebase","https://www.googleapis.com/auth/cloud-platform"]
[debug] [2021-01-10T07:29:37.037Z] > authorizing via signed-in user
[info] i  emulators: Starting emulators: functions, hosting {"metadata":{"emulator":{"name":"hub"},"message":"Starting emulators: functions, hosting"}}
[warn] ⚠  emulators: It seems that you are running multiple instances of the emulator suite for project sam-befdc. This may result in unexpected behavior. 
[debug] [2021-01-10T07:29:37.052Z] [hub] writing locator at /var/folders/3d/z7hm22t157z427flp_cwpq5m0000gn/T/hub-sam-befdc.json
[warn] ⚠  functions: The following emulators are not running, calls to these services from the Functions emulator will affect production: auth, firestore, database, pubsub {"metadata":{"emulator":{"name":"functions"},"message":"The following emulators are not running, calls to these services from the Functions emulator will affect production: \u001b[1mauth, firestore, database, pubsub\u001b[22m"}}
[info] ✔  functions: Using node@12 from host. {"metadata":{"emulator":{"name":"functions"},"message":"Using node@12 from host."}}
[debug] [2021-01-10T07:29:37.080Z] defaultcredentials: writing to file /Users/suryanshsoni/.config/firebase/szscode2727_gmail_com_application_default_credentials.json
[debug] [2021-01-10T07:29:37.085Z] Setting GAC to /Users/suryanshsoni/.config/firebase/szscode2727_gmail_com_application_default_credentials.json {"metadata":{"emulator":{"name":"functions"},"message":"Setting GAC to /Users/suryanshsoni/.config/firebase/szscode2727_gmail_com_application_default_credentials.json"}}
[debug] [2021-01-10T07:29:37.088Z] > refreshing access token with scopes: []
[debug] [2021-01-10T07:29:37.088Z] >>> HTTP REQUEST POST https://www.googleapis.com/oauth2/v3/token  
 <request body omitted>
[debug] [2021-01-10T07:29:37.245Z] <<< HTTP RESPONSE 200 {"date":"Sun, 10 Jan 2021 07:29:37 GMT","cache-control":"no-cache, no-store, max-age=0, must-revalidate","pragma":"no-cache","expires":"Mon, 01 Jan 1990 00:00:00 GMT","content-type":"application/json; charset=utf-8","vary":"X-Origin, Referer, Origin,Accept-Encoding","server":"scaffolding on HTTPServer2","x-xss-protection":"0","x-frame-options":"SAMEORIGIN","x-content-type-options":"nosniff","alt-svc":"h3-29=\":443\"; ma=2592000,h3-T051=\":443\"; ma=2592000,h3-Q050=\":443\"; ma=2592000,h3-Q046=\":443\"; ma=2592000,h3-Q043=\":443\"; ma=2592000,quic=\":443\"; ma=2592000; v=\"46,43\"","accept-ranges":"none","transfer-encoding":"chunked"}
[debug] [2021-01-10T07:29:37.293Z] >>> [apiv2][query] GET https://firebase.googleapis.com/v1beta1/projects/sam-befdc/adminSdkConfig [none]
[debug] [2021-01-10T07:29:37.513Z] <<< [apiv2][status] GET https://firebase.googleapis.com/v1beta1/projects/sam-befdc/adminSdkConfig 200
[debug] [2021-01-10T07:29:37.513Z] <<< [apiv2][body] GET https://firebase.googleapis.com/v1beta1/projects/sam-befdc/adminSdkConfig {"projectId":"sam-befdc","databaseURL":"https://sam-befdc.firebaseio.com","storageBucket":"sam-befdc.appspot.com"}
[debug] [2021-01-10T07:29:37.797Z] > refreshing access token with scopes: ["email","https://www.googleapis.com/auth/cloud-platform","https://www.googleapis.com/auth/cloudplatformprojects.readonly","https://www.googleapis.com/auth/firebase","openid"]
[debug] [2021-01-10T07:29:37.797Z] >>> HTTP REQUEST POST https://www.googleapis.com/oauth2/v3/token  
 <request body omitted>
[debug] [2021-01-10T07:29:37.936Z] <<< HTTP RESPONSE 200 {"pragma":"no-cache","cache-control":"no-cache, no-store, max-age=0, must-revalidate","date":"Sun, 10 Jan 2021 07:29:37 GMT","expires":"Mon, 01 Jan 1990 00:00:00 GMT","content-type":"application/json; charset=utf-8","vary":"X-Origin, Referer, Origin,Accept-Encoding","server":"scaffolding on HTTPServer2","x-xss-protection":"0","x-frame-options":"SAMEORIGIN","x-content-type-options":"nosniff","alt-svc":"h3-29=\":443\"; ma=2592000,h3-T051=\":443\"; ma=2592000,h3-Q050=\":443\"; ma=2592000,h3-Q046=\":443\"; ma=2592000,h3-Q043=\":443\"; ma=2592000,quic=\":443\"; ma=2592000; v=\"46,43\"","accept-ranges":"none","transfer-encoding":"chunked"}
[debug] [2021-01-10T07:29:37.964Z] >>> HTTP REQUEST GET https://firebase.googleapis.com/v1beta1/projects/sam-befdc/webApps/-/config  
 
[debug] [2021-01-10T07:29:38.307Z] <<< HTTP RESPONSE 200 {"content-type":"application/json; charset=UTF-8","vary":"X-Origin, Referer, Origin,Accept-Encoding","date":"Sun, 10 Jan 2021 07:29:38 GMT","server":"ESF","cache-control":"private","x-xss-protection":"0","x-frame-options":"SAMEORIGIN","x-content-type-options":"nosniff","alt-svc":"h3-29=\":443\"; ma=2592000,h3-T051=\":443\"; ma=2592000,h3-Q050=\":443\"; ma=2592000,h3-Q046=\":443\"; ma=2592000,h3-Q043=\":443\"; ma=2592000,quic=\":443\"; ma=2592000; v=\"46,43\"","accept-ranges":"none","transfer-encoding":"chunked"}
[info] i  hosting: Serving hosting files from: build {"metadata":{"emulator":{"name":"hosting"},"message":"Serving hosting files from: \u001b[1mbuild\u001b[22m"}}
[info] ✔  hosting: Local server: http://localhost:5000 {"metadata":{"emulator":{"name":"hosting"},"message":"Local server: \u001b[4m\u001b[1mhttp://localhost:5000\u001b[22m\u001b[24m"}}
[warn] ⚠  ui: Emulator UI unable to start on port 4000, starting on 4002 instead. {"metadata":{"emulator":{"name":"ui"},"message":"Emulator UI unable to start on port 4000, starting on 4002 instead."}}
[debug] [2021-01-10T07:29:38.672Z] Ignoring unsupported arg: auto_download {"metadata":{"emulator":{"name":"ui"},"message":"Ignoring unsupported arg: auto_download"}}
[debug] [2021-01-10T07:29:38.672Z] Ignoring unsupported arg: port {"metadata":{"emulator":{"name":"ui"},"message":"Ignoring unsupported arg: port"}}
[debug] [2021-01-10T07:29:38.673Z] Starting Emulator UI with command {"binary":"node","args":["/Users/suryanshsoni/.cache/firebase/emulators/ui-v1.4.1/server.bundle.js"],"optionalArgs":[],"joinArgs":false} {"metadata":{"emulator":{"name":"ui"},"message":"Starting Emulator UI with command {\"binary\":\"node\",\"args\":[\"/Users/suryanshsoni/.cache/firebase/emulators/ui-v1.4.1/server.bundle.js\"],\"optionalArgs\":[],\"joinArgs\":false}"}}
[info] i  ui: Emulator UI logging to ui-debug.log {"metadata":{"emulator":{"name":"ui"},"message":"Emulator UI logging to \u001b[1mui-debug.log\u001b[22m"}}
[debug] [2021-01-10T07:29:38.762Z] Web / API server started at http://localhost:4002
 {"metadata":{"emulator":{"name":"ui"},"message":"Web / API server started at http://localhost:4002\n"}}
[info] i  functions: Watching "/Users/suryanshsoni/Desktop/Work_projects/AmazonCloneSam/amazonsam/functions" for Cloud Functions... {"metadata":{"emulator":{"name":"functions"},"message":"Watching \"/Users/suryanshsoni/Desktop/Work_projects/AmazonCloneSam/amazonsam/functions\" for Cloud Functions..."}}
[debug] [2021-01-10T07:29:38.939Z] [worker-pool] addWorker(~diagnostic~) {"metadata":{"emulator":{"name":"functions"},"message":"[worker-pool] addWorker(~diagnostic~)"}}
[debug] [2021-01-10T07:29:38.939Z] [worker-pool] Adding worker with key ~diagnostic~, total=1 {"metadata":{"emulator":{"name":"functions"},"message":"[worker-pool] Adding worker with key ~diagnostic~, total=1"}}
[debug] [2021-01-10T07:29:38.939Z] [worker-pool] submitWork(triggerId=) {"metadata":{"emulator":{"name":"functions"},"message":"[worker-pool] submitWork(triggerId=)"}}
[debug] [2021-01-10T07:29:38.940Z] [worker-~diagnostic~-88455321-6725-4127-ab01-8c85016af9c1]: Assigning socketPath: /var/folders/3d/z7hm22t157z427flp_cwpq5m0000gn/T/fire_emu_24241.sock {"metadata":{"emulator":{"name":"functions"},"message":"[worker-~diagnostic~-88455321-6725-4127-ab01-8c85016af9c1]: Assigning socketPath: /var/folders/3d/z7hm22t157z427flp_cwpq5m0000gn/T/fire_emu_24241.sock"}}
[debug] [2021-01-10T07:29:38.940Z] [worker-~diagnostic~-88455321-6725-4127-ab01-8c85016af9c1]: BUSY {"metadata":{"emulator":{"name":"functions"},"message":"[worker-~diagnostic~-88455321-6725-4127-ab01-8c85016af9c1]: BUSY"}}
[debug] [2021-01-10T07:29:39.062Z] [runtime-status] [24241] Functions runtime initialized. {"cwd":"/Users/suryanshsoni/Desktop/Work_projects/AmazonCloneSam/amazonsam/functions","node_version":"12.18.0"} {"metadata":{"emulator":{"name":"functions"},"message":"[runtime-status] [24241] Functions runtime initialized. {\"cwd\":\"/Users/suryanshsoni/Desktop/Work_projects/AmazonCloneSam/amazonsam/functions\",\"node_version\":\"12.18.0\"}"}}
[debug] [2021-01-10T07:29:39.062Z] [runtime-status] [24241] Disabled runtime features: undefined {"metadata":{"emulator":{"name":"functions"},"message":"[runtime-status] [24241] Disabled runtime features: undefined"}}
[debug] [2021-01-10T07:29:39.065Z] [runtime-status] [24241] Resolved module firebase-admin {"declared":true,"installed":true,"version":"9.4.2","resolution":"/Users/suryanshsoni/Desktop/Work_projects/AmazonCloneSam/amazonsam/functions/node_modules/firebase-admin/lib/index.js"} {"metadata":{"emulator":{"name":"functions"},"message":"[runtime-status] [24241] Resolved module firebase-admin {\"declared\":true,\"installed\":true,\"version\":\"9.4.2\",\"resolution\":\"/Users/suryanshsoni/Desktop/Work_projects/AmazonCloneSam/amazonsam/functions/node_modules/firebase-admin/lib/index.js\"}"}}
[debug] [2021-01-10T07:29:39.066Z] [runtime-status] [24241] Resolved module firebase-functions {"declared":true,"installed":true,"version":"3.13.0","resolution":"/Users/suryanshsoni/Desktop/Work_projects/AmazonCloneSam/amazonsam/functions/node_modules/firebase-functions/lib/index.js"} {"metadata":{"emulator":{"name":"functions"},"message":"[runtime-status] [24241] Resolved module firebase-functions {\"declared\":true,\"installed\":true,\"version\":\"3.13.0\",\"resolution\":\"/Users/suryanshsoni/Desktop/Work_projects/AmazonCloneSam/amazonsam/functions/node_modules/firebase-functions/lib/index.js\"}"}}
[debug] [2021-01-10T07:29:39.066Z] [runtime-status] [24241] Resolved module firebase-functions {"declared":true,"installed":true,"version":"3.13.0","resolution":"/Users/suryanshsoni/Desktop/Work_projects/AmazonCloneSam/amazonsam/functions/node_modules/firebase-functions/lib/index.js"} {"metadata":{"emulator":{"name":"functions"},"message":"[runtime-status] [24241] Resolved module firebase-functions {\"declared\":true,\"installed\":true,\"version\":\"3.13.0\",\"resolution\":\"/Users/suryanshsoni/Desktop/Work_projects/AmazonCloneSam/amazonsam/functions/node_modules/firebase-functions/lib/index.js\"}"}}
[debug] [2021-01-10T07:29:39.068Z] [runtime-status] [24241] Outgoing network have been stubbed. [{"name":"http","status":"mocked"},{"name":"http","status":"mocked"},{"name":"https","status":"mocked"},{"name":"https","status":"mocked"},{"name":"net","status":"mocked"}] {"metadata":{"emulator":{"name":"functions"},"message":"[runtime-status] [24241] Outgoing network have been stubbed. [{\"name\":\"http\",\"status\":\"mocked\"},{\"name\":\"http\",\"status\":\"mocked\"},{\"name\":\"https\",\"status\":\"mocked\"},{\"name\":\"https\",\"status\":\"mocked\"},{\"name\":\"net\",\"status\":\"mocked\"}]"}}
[debug] [2021-01-10T07:29:39.068Z] [runtime-status] [24241] Resolved module firebase-functions {"declared":true,"installed":true,"version":"3.13.0","resolution":"/Users/suryanshsoni/Desktop/Work_projects/AmazonCloneSam/amazonsam/functions/node_modules/firebase-functions/lib/index.js"} {"metadata":{"emulator":{"name":"functions"},"message":"[runtime-status] [24241] Resolved module firebase-functions {\"declared\":true,\"installed\":true,\"version\":\"3.13.0\",\"resolution\":\"/Users/suryanshsoni/Desktop/Work_projects/AmazonCloneSam/amazonsam/functions/node_modules/firebase-functions/lib/index.js\"}"}}
[debug] [2021-01-10T07:29:39.110Z] [runtime-status] [24241] Checked functions.config() {"config":{}} {"metadata":{"emulator":{"name":"functions"},"message":"[runtime-status] [24241] Checked functions.config() {\"config\":{}}"}}
[debug] [2021-01-10T07:29:39.110Z] [runtime-status] [24241] firebase-functions has been stubbed. {"functionsResolution":{"declared":true,"installed":true,"version":"3.13.0","resolution":"/Users/suryanshsoni/Desktop/Work_projects/AmazonCloneSam/amazonsam/functions/node_modules/firebase-functions/lib/index.js"}} {"metadata":{"emulator":{"name":"functions"},"message":"[runtime-status] [24241] firebase-functions has been stubbed. {\"functionsResolution\":{\"declared\":true,\"installed\":true,\"version\":\"3.13.0\",\"resolution\":\"/Users/suryanshsoni/Desktop/Work_projects/AmazonCloneSam/amazonsam/functions/node_modules/firebase-functions/lib/index.js\"}}"}}
[debug] [2021-01-10T07:29:39.110Z] [runtime-status] [24241] Resolved module firebase-functions {"declared":true,"installed":true,"version":"3.13.0","resolution":"/Users/suryanshsoni/Desktop/Work_projects/AmazonCloneSam/amazonsam/functions/node_modules/firebase-functions/lib/index.js"} {"metadata":{"emulator":{"name":"functions"},"message":"[runtime-status] [24241] Resolved module firebase-functions {\"declared\":true,\"installed\":true,\"version\":\"3.13.0\",\"resolution\":\"/Users/suryanshsoni/Desktop/Work_projects/AmazonCloneSam/amazonsam/functions/node_modules/firebase-functions/lib/index.js\"}"}}
[debug] [2021-01-10T07:29:39.111Z] [runtime-status] [24241] Resolved module firebase-admin {"declared":true,"installed":true,"version":"9.4.2","resolution":"/Users/suryanshsoni/Desktop/Work_projects/AmazonCloneSam/amazonsam/functions/node_modules/firebase-admin/lib/index.js"} {"metadata":{"emulator":{"name":"functions"},"message":"[runtime-status] [24241] Resolved module firebase-admin {\"declared\":true,\"installed\":true,\"version\":\"9.4.2\",\"resolution\":\"/Users/suryanshsoni/Desktop/Work_projects/AmazonCloneSam/amazonsam/functions/node_modules/firebase-admin/lib/index.js\"}"}}
[debug] [2021-01-10T07:29:39.111Z] [runtime-status] [24241] Resolved module firebase-functions {"declared":true,"installed":true,"version":"3.13.0","resolution":"/Users/suryanshsoni/Desktop/Work_projects/AmazonCloneSam/amazonsam/functions/node_modules/firebase-functions/lib/index.js"} {"metadata":{"emulator":{"name":"functions"},"message":"[runtime-status] [24241] Resolved module firebase-functions {\"declared\":true,\"installed\":true,\"version\":\"3.13.0\",\"resolution\":\"/Users/suryanshsoni/Desktop/Work_projects/AmazonCloneSam/amazonsam/functions/node_modules/firebase-functions/lib/index.js\"}"}}
[debug] [2021-01-10T07:29:39.111Z] [runtime-status] [24241] firebase-admin has been stubbed. {"adminResolution":{"declared":true,"installed":true,"version":"9.4.2","resolution":"/Users/suryanshsoni/Desktop/Work_projects/AmazonCloneSam/amazonsam/functions/node_modules/firebase-admin/lib/index.js"}} {"metadata":{"emulator":{"name":"functions"},"message":"[runtime-status] [24241] firebase-admin has been stubbed. {\"adminResolution\":{\"declared\":true,\"installed\":true,\"version\":\"9.4.2\",\"resolution\":\"/Users/suryanshsoni/Desktop/Work_projects/AmazonCloneSam/amazonsam/functions/node_modules/firebase-admin/lib/index.js\"}}"}}
[info] ✔  functions[api]: http function initialized (http://localhost:5001/sam-befdc/us-central1/api). {"metadata":{"emulator":{"name":"functions"},"message":"\u001b[1mhttp\u001b[22m function initialized (http://localhost:5001/sam-befdc/us-central1/api)."}}
[info] 
┌─────────────────────────────────────────────────────────────┐
│ ✔  All emulators ready! It is now safe to connect your app. │
│ i  View Emulator UI at http://localhost:4002                │
└─────────────────────────────────────────────────────────────┘

┌───────────┬────────────────┬─────────────────────────────────┐
│ Emulator  │ Host:Port      │ View in Emulator UI             │
├───────────┼────────────────┼─────────────────────────────────┤
│ Functions │ localhost:5001 │ http://localhost:4002/functions │
├───────────┼────────────────┼─────────────────────────────────┤
│ Hosting   │ localhost:5000 │ n/a                             │
└───────────┴────────────────┴─────────────────────────────────┘
  Emulator Hub running at localhost:4400
  Other reserved ports: 4500

Issues? Report them at https://github.com/firebase/firebase-tools/issues and attach the *-debug.log files.
 
[debug] [2021-01-10T07:29:39.265Z] [worker-~diagnostic~-88455321-6725-4127-ab01-8c85016af9c1]: IDLE {"metadata":{"emulator":{"name":"functions"},"message":"[worker-~diagnostic~-88455321-6725-4127-ab01-8c85016af9c1]: IDLE"}}
